var a = [12,23,45,67,89];
undefined
Function
ƒ Function() { [native code] }
Object
ƒ Object() { [native code] }
Object instanceof Function;
true
typeof Function
"function"
typeof Object
"function"
function add(a,b){
	return a+b;
}
undefined
add instanceof Object;
true
add instanceof Function;
true
a
(5) [12, 23, 45, 67, 89]
typeof a;
"object"
a instanceof Object;
true
a instanceof Function;
false
a instanceof Array;
true
Array
ƒ Array() { [native code] }
Array instanceof Function;
true
Array instanceof Object;
true
Document 
ƒ Document() { [native code] }
Document instanceof Object;
true
Document instanceof Function;
true
document
#document<html>​<head>​</head>​<body>​</body>​</html>​
document instanceof Document;
true
document instanceof Object;
true
document instanceof Function;
false
console.dir(add);
VM1803:1 ƒ add(a,b)arguments: nullcaller: nulllength: 2name: "add"prototype: {constructor: ƒ}constructor: ƒ add(a,b)__proto__: Object__proto__: ƒ ()[[FunctionLocation]]: VM706:1[[Scopes]]: Scopes[1]
undefined
var obj = new Object();
undefined
obj
{}__proto__: Object
a
(5) [12, 23, 45, 67, 89]0: 121: 232: 453: 674: 89length: 5__proto__: Array(0)
var arr = new Array(1,2,2,4,0,5,6,99);
undefined
arr
(8) [1, 2, 2, 4, 0, 5, 6, 99]0: 11: 22: 23: 44: 05: 56: 67: 99length: 8__proto__: Array(0)concat: ƒ concat()constructor: ƒ Array()copyWithin: ƒ copyWithin()entries: ƒ entries()every: ƒ every()fill: ƒ fill()filter: ƒ filter()find: ƒ find()findIndex: ƒ findIndex()flat: ƒ flat()flatMap: ƒ flatMap()forEach: ƒ forEach()includes: ƒ includes()indexOf: ƒ indexOf()join: ƒ join()keys: ƒ keys()lastIndexOf: ƒ lastIndexOf()length: 0map: ƒ map()pop: ƒ pop()push: ƒ push()reduce: ƒ reduce()reduceRight: ƒ reduceRight()reverse: ƒ reverse()shift: ƒ shift()slice: ƒ slice()some: ƒ some()sort: ƒ sort()splice: ƒ splice()toLocaleString: ƒ toLocaleString()toString: ƒ toString()unshift: ƒ unshift()values: ƒ values()Symbol(Symbol.iterator): ƒ values()Symbol(Symbol.unscopables): {copyWithin: true, entries: true, fill: true, find: true, findIndex: true, …}__proto__: Objectconstructor: ƒ Object()hasOwnProperty: ƒ hasOwnProperty()isPrototypeOf: ƒ isPrototypeOf()propertyIsEnumerable: ƒ propertyIsEnumerable()toLocaleString: ƒ toLocaleString()toString: ƒ toString()valueOf: ƒ valueOf()__defineGetter__: ƒ __defineGetter__()__defineSetter__: ƒ __defineSetter__()__lookupGetter__: ƒ __lookupGetter__()__lookupSetter__: ƒ __lookupSetter__()get __proto__: ƒ __proto__()set __proto__: ƒ __proto__()
var obj = {};
undefined
typeof obj;
"object"
obj instanceof Object;
true
obj = {
	name:'brain',
	age:23,
	id:101
};
{name: "brain", age: 23, id: 101}age: 23id: 101name: "brain"__proto__: Object
obj.age;
23
obj['age'];
23
obj["age"];
23
obj.address = 'rohini';
"rohini"
obj
{name: "brain", age: 23, id: 101, address: "rohini"}
obj['oid'] = 200;
200
obj
{name: "brain", age: 23, id: 101, address: "rohini", oid: 200}address: "rohini"age: 23id: 101name: "brain"oid: 200__proto__: Object
for(var item in obj){
	console.log(item);
}
VM3477:2 name
VM3477:2 age
VM3477:2 id
VM3477:2 address
VM3477:2 oid
undefined
for(var item in obj){
	console.log('Key = '+item+' , Value = '+obj['item']);
}
VM3625:2 Key = name , Value = undefined
VM3625:2 Key = age , Value = undefined
VM3625:2 Key = id , Value = undefined
VM3625:2 Key = address , Value = undefined
VM3625:2 Key = oid , Value = undefined
undefined
for(var item in obj){
	console.log('Key = '+item+' , Value = '+obj[item]);
}
VM3663:2 Key = name , Value = brain
VM3663:2 Key = age , Value = 23
VM3663:2 Key = id , Value = 101
VM3663:2 Key = address , Value = rohini
VM3663:2 Key = oid , Value = 200
undefined
for(var item in obj){
	console.log(typeof item);
}
VM3739:2 string
VM3739:2 string
VM3739:2 string
VM3739:2 string
VM3739:2 string
undefined
for(var item in obj){
	if(obj[item] == '23')
		console.log(item);
}
VM3917:3 age
undefined
add
ƒ add(a,b){
	return a+b;
}
add();
NaN
function add(a,b){
	console.log('inside add function');
	return a+b;
}
undefined
add(2,3);
VM4155:2 inside add function
5
add();
VM4155:2 inside add function
NaN
console.dir(add);
VM4287:1 ƒ add(a,b)arguments: nullcaller: nulllength: 2name: "add"prototype: {constructor: ƒ}__proto__: ƒ ()[[FunctionLocation]]: VM4155:1[[Scopes]]: Scopes[1]
undefined
function add(a,b){
	console.log('inside add function ',arguments );
	
	return a+b;
}
undefined
add();
VM4404:2 inside add function  Arguments [callee: ƒ, Symbol(Symbol.iterator): ƒ]callee: ƒ add(a,b)length: 0Symbol(Symbol.iterator): ƒ values()__proto__: Object
NaN
add(2,3);
VM4404:2 inside add function  Arguments(2) [2, 3, callee: ƒ, Symbol(Symbol.iterator): ƒ]0: 21: 3callee: ƒ add(a,b)length: 2Symbol(Symbol.iterator): ƒ values()__proto__: Object
5
Arguments 
VM4538:1 Uncaught ReferenceError: Arguments is not defined
    at <anonymous>:1:1
(anonymous) @ VM4538:1
function add(a,b){
	console.log('inside add function ',arguments instanceof Arguments);
	
	return a+b;
}
undefined
add(2,3);
VM4599:2 Uncaught ReferenceError: Arguments is not defined
    at add (<anonymous>:2:58)
    at <anonymous>:1:1
add @ VM4599:2
(anonymous) @ VM4632:1
function add(a,b){
	console.log('inside add function ',arguments instanceof Array);
	
	return a+b;
}
undefined
add();
VM4707:2 inside add function  false
NaN
add(23,3);
VM4707:2 inside add function  false
26
function add(a,b){
	console.log('inside add function ',arguments.length);
	
	return a+b;
}
undefined
add();
VM4860:2 inside add function  0
NaN
add(2,3);
VM4860:2 inside add function  2
5
add(2,3,4,5,6,7,8);
VM4860:2 inside add function  7
5
function add(a,b){
	console.log('inside add function ',arguments);
	
	return a+b;
}
undefined
add();
VM5003:2 inside add function  Arguments [callee: ƒ, Symbol(Symbol.iterator): ƒ]
NaN
add(2,3);
VM5003:2 inside add function  Arguments(2) [2, 3, callee: ƒ, Symbol(Symbol.iterator): ƒ]
5
function add(a,b){
	console.log(a,b);
	console.log('inside add function ',arguments);
	
	return a+b;
}
undefined
add();
VM5157:2 undefined undefined
VM5157:3 inside add function  Arguments [callee: ƒ, Symbol(Symbol.iterator): ƒ]
NaN
add(2,3);
VM5157:2 2 3
VM5157:3 inside add function  Arguments(2) [2, 3, callee: ƒ, Symbol(Symbol.iterator): ƒ]
5
add(2,3,4,6,7,8,9);
VM5157:2 2 3
VM5157:3 inside add function  Arguments(7) [2, 3, 4, 6, 7, 8, 9, callee: ƒ, Symbol(Symbol.iterator): ƒ]
5
add(1);
VM5157:2 1 undefined
VM5157:3 inside add function  Arguments [1, callee: ƒ, Symbol(Symbol.iterator): ƒ]
NaN
1+'34'
"134"
1+true;
2
1+undefined
NaN
1+null
1
1+NaN;
NaN
NaN + NaN;
NaN
function add(){
	var sum = 0;
	for(var i=0;i<arguments.length;i++){
		sum += arguments[i];
	}

	return sum;

}
undefined
add();
0
add(1);
1
add(1,2);
3
add(1,2,4,5,6);
18
console.log(1+4);
VM5950:1 5
undefined
add(1,2,"3");
"33"
function add(){
	var sum = 0;
	for(var i=0;i<arguments.length;i++){
		if( typeof arguments[i] == 'string'){
			sum += parseInt(arguments[i]);
		}
		else{
			sum += arguments[i];
		}
	}

	return sum;

}
undefined
add(1,2,"3");
6
add(1,67);
68
add(1,67,"1");
69
//Function Constructor Style
function Student(id,name,age){
	this.id = id;
	this.name = name;
	this.age = age;
}

undefined
var obj1 = new Object;
undefined
obj1
{}__proto__: Object
var obj2 = new Student();
undefined
obj2
Student {id: undefined, name: undefined, age: undefined}age: undefinedid: undefinedname: undefined__proto__: Object
var obj2 = new Student(101,'Vikrant',23);
undefined
obj2
Student {id: 101, name: "Vikrant", age: 23}
typeof obj2;
"object"
typeof obj1;
"object"
Student();
undefined
Student(101);
undefined
obj
{name: "brain", age: 23, id: 101, address: "rohini", oid: 200}
obj.setting = 'automatic';
"automatic"
delete obj.id;
true
delete obj.oid;
true
obj
{name: "brain", age: 23, address: "rohini", setting: "automatic"}address: "rohini"age: 23name: "brain"setting: "automatic"__proto__: Object
delete obj.oid;
true
obj.name;
"brain"
obj.oid;
undefined
obj
{name: "brain", age: 23, address: "rohini", setting: "automatic"}
//Function Constructor Style
function Student(id,name,age){
	this.id = id;
	this.name = name;
	this.age = age;

	this.show = function (){
		console.log(this.id,this.name,this.age);
	}
}

undefined
var obj2 = new Student(101,'Vikrant',23);
undefined
obj2
Student {id: 101, name: "Vikrant", age: 23, show: ƒ}
obj2.show();
VM8348:8 101 "Vikrant" 23
undefined
//Function Constructor Style
function Student(id,name,age){
	this.id = id;
	this.name = name;
	this.age = age;

	show = function (){
		console.log(this.id,this.name,this.age);
	}
}

undefined
var obj2 = new Student(101,'Vikrant',23);
undefined
obj2
Student {id: 101, name: "Vikrant", age: 23}age: 23id: 101name: "Vikrant"__proto__: Object
Student.show();
VM8659:1 Uncaught TypeError: Student.show is not a function
    at <anonymous>:1:9
(anonymous) @ VM8659:1
//Function Constructor Style
function Student(id,name,age){
	this.id = id;
	this.name = name;
	this.age = age;
}

undefined
Student.prototype.show = function(){
	console.log(this.id,this.name,this.age);
}
ƒ (){
	console.log(this.id,this.name,this.age);
}
var obj2 = new Student(101,'Vikrant',23);
undefined
obj2.show();
VM8910:2 101 "Vikrant" 23
undefined
obj2
Student {id: 101, name: "Vikrant", age: 23}age: 23id: 101name: "Vikrant"__proto__: Object
console.dir(Student);
VM9102:1 ƒ Student(id,name,age)arguments: nullcaller: nulllength: 3name: "Student"prototype: {show: ƒ, constructor: ƒ}show: ƒ ()constructor: ƒ Student(id,name,age)__proto__: Object__proto__: ƒ ()[[FunctionLocation]]: VM8706:2[[Scopes]]: Scopes[1]
undefined
class Student{
	constructor(id,name,age){
		this.id = id;
		this.name = name;
		this.age = age;
	}	
}
VM9667:1 Uncaught SyntaxError: Identifier 'Student' has already been declared
    at <anonymous>:1:1
(anonymous) @ VM9667:1
class Student1{
	constructor(id,name,age){
		this.id = id;
		this.name = name;
		this.age = age;
	}	
}
undefined
var obj3 = new Student1(102,'Rohit',25);
undefined
obj3
Student1 {id: 102, name: "Rohit", age: 25}age: 25id: 102name: "Rohit"__proto__: Object
class Student1{
	constructor(id,name,age){
		this.id = id;
		this.name = name;
		this.age = age;
	}

	display(){
		console.log(this.id,this.name,this.age);
	}	
}
VM9963:1 Uncaught SyntaxError: Identifier 'Student1' has already been declared
    at <anonymous>:1:1
(anonymous) @ VM9963:1
class Student2{
	constructor(id,name,age){
		this.id = id;
		this.name = name;
		this.age = age;
	}

	display(){
		console.log(this.id,this.name,this.age);
	}	
}
undefined
var obj3 = new Student2(102,'Rohit',25);
undefined
obj3
Student2 {id: 102, name: "Rohit", age: 25}age: 25id: 102name: "Rohit"__proto__: Objectconstructor: class Student2display: ƒ display()__proto__: Object
console.dir(Student2);
VM10167:1 class Student2arguments: (...)caller: (...)length: 3name: "Student2"prototype: {constructor: ƒ, display: ƒ}__proto__: ƒ ()[[FunctionLocation]]: VM9973:2[[Scopes]]: Scopes[2]
undefined
